# JRE version: OpenJDK Runtime Environment (8.0_212) (build 1.8.0_212-release-1586-b4-5784211)
# Java VM: OpenJDK 64-Bit Server VM (25.212-b4-5784211 mixed mode linux-amd64 compressed oops)
Heap:
 PSYoungGen      total 338432K, used 32319K [0x00000000e0000000, 0x00000000f6700000, 0x0000000100000000)
  eden space 317440K, 10% used [0x00000000e0000000,0x00000000e1f8fff0,0x00000000f3600000)
  from space 20992K, 0% used [0x00000000f4e80000,0x00000000f4e80000,0x00000000f6300000)
  to   space 25088K, 0% used [0x00000000f3600000,0x00000000f3600000,0x00000000f4e80000)
 ParOldGen       total 208896K, used 36076K [0x00000000a0000000, 0x00000000acc00000, 0x00000000e0000000)
  object space 208896K, 17% used [0x00000000a0000000,0x00000000a233b128,0x00000000acc00000)
 Metaspace       used 58648K, capacity 60794K, committed 61056K, reserved 1101824K
  class space    used 8051K, capacity 8549K, committed 8576K, reserved 1048576K
GC Heap History (10 events):
Event: 3.207 GC heap before
{Heap before GC invocations=7 (full 1):
 PSYoungGen      total 139776K, used 53670K [0x00000000e0000000, 0x00000000eef00000, 0x0000000100000000)
  eden space 129024K, 33% used [0x00000000e0000000,0x00000000e29eefb8,0x00000000e7e00000)
  from space 10752K, 99% used [0x00000000e7e00000,0x00000000e887a958,0x00000000e8880000)
  to   space 15872K, 0% used [0x00000000edf80000,0x00000000edf80000,0x00000000eef00000)
 ParOldGen       total 93696K, used 10531K [0x00000000a0000000, 0x00000000a5b80000, 0x00000000e0000000)
  object space 93696K, 11% used [0x00000000a0000000,0x00000000a0a48da8,0x00000000a5b80000)
 Metaspace       used 34457K, capacity 35364K, committed 35456K, reserved 1079296K
  class space    used 4711K, capacity 4931K, committed 4992K, reserved 1048576K
Event: 3.219 GC heap after
Heap after GC invocations=7 (full 1):
 PSYoungGen      total 224768K, used 9703K [0x00000000e0000000, 0x00000000eec00000, 0x0000000100000000)
  eden space 211968K, 0% used [0x00000000e0000000,0x00000000e0000000,0x00000000ecf00000)
  from space 12800K, 75% used [0x00000000edf80000,0x00000000ee8f9e40,0x00000000eec00000)
  to   space 14848K, 0% used [0x00000000ecf00000,0x00000000ecf00000,0x00000000edd80000)
 ParOldGen       total 93696K, used 10539K [0x00000000a0000000, 0x00000000a5b80000, 0x00000000e0000000)
  object space 93696K, 11% used [0x00000000a0000000,0x00000000a0a4ada8,0x00000000a5b80000)
 Metaspace       used 34457K, capacity 35364K, committed 35456K, reserved 1079296K
  class space    used 4711K, capacity 4931K, committed 4992K, reserved 1048576K
}
Event: 3.219 GC heap before
{Heap before GC invocations=8 (full 2):
 PSYoungGen      total 224768K, used 9703K [0x00000000e0000000, 0x00000000eec00000, 0x0000000100000000)
  eden space 211968K, 0% used [0x00000000e0000000,0x00000000e0000000,0x00000000ecf00000)
  from space 12800K, 75% used [0x00000000edf80000,0x00000000ee8f9e40,0x00000000eec00000)
  to   space 14848K, 0% used [0x00000000ecf00000,0x00000000ecf00000,0x00000000edd80000)
 ParOldGen       total 93696K, used 10539K [0x00000000a0000000, 0x00000000a5b80000, 0x00000000e0000000)
  object space 93696K, 11% used [0x00000000a0000000,0x00000000a0a4ada8,0x00000000a5b80000)
 Metaspace       used 34457K, capacity 35364K, committed 35456K, reserved 1079296K
  class space    used 4711K, capacity 4931K, committed 4992K, reserved 1048576K
Event: 3.264 GC heap after
Heap after GC invocations=8 (full 2):
 PSYoungGen      total 224768K, used 0K [0x00000000e0000000, 0x00000000eec00000, 0x0000000100000000)
  eden space 211968K, 0% used [0x00000000e0000000,0x00000000e0000000,0x00000000ecf00000)
  from space 12800K, 0% used [0x00000000edf80000,0x00000000edf80000,0x00000000eec00000)
  to   space 14848K, 0% used [0x00000000ecf00000,0x00000000ecf00000,0x00000000edd80000)
 ParOldGen       total 141824K, used 16425K [0x00000000a0000000, 0x00000000a8a80000, 0x00000000e0000000)
  object space 141824K, 11% used [0x00000000a0000000,0x00000000a100a7f0,0x00000000a8a80000)
 Metaspace       used 34457K, capacity 35364K, committed 35456K, reserved 1079296K
  class space    used 4711K, capacity 4931K, committed 4992K, reserved 1048576K
}
Event: 5.131 GC heap before
{Heap before GC invocations=9 (full 2):
 PSYoungGen      total 224768K, used 211968K [0x00000000e0000000, 0x00000000eec00000, 0x0000000100000000)
  eden space 211968K, 100% used [0x00000000e0000000,0x00000000ecf00000,0x00000000ecf00000)
  from space 12800K, 0% used [0x00000000edf80000,0x00000000edf80000,0x00000000eec00000)
  to   space 14848K, 0% used [0x00000000ecf00000,0x00000000ecf00000,0x00000000edd80000)
 ParOldGen       total 141824K, used 16425K [0x00000000a0000000, 0x00000000a8a80000, 0x00000000e0000000)
  object space 141824K, 11% used [0x00000000a0000000,0x00000000a100a7f0,0x00000000a8a80000)
 Metaspace       used 50270K, capacity 51890K, committed 51968K, reserved 1093632K
  class space    used 6706K, capacity 7145K, committed 7168K, reserved 1048576K
Event: 5.151 GC heap after
Heap after GC invocations=9 (full 2):
 PSYoungGen      total 226816K, used 14836K [0x00000000e0000000, 0x00000000f6300000, 0x0000000100000000)
  eden space 211968K, 0% used [0x00000000e0000000,0x00000000e0000000,0x00000000ecf00000)
  from space 14848K, 99% used [0x00000000ecf00000,0x00000000edd7d128,0x00000000edd80000)
  to   space 20992K, 0% used [0x00000000f4e80000,0x00000000f4e80000,0x00000000f6300000)
 ParOldGen       total 141824K, used 25274K [0x00000000a0000000, 0x00000000a8a80000, 0x00000000e0000000)
  object space 141824K, 17% used [0x00000000a0000000,0x00000000a18ae8e8,0x00000000a8a80000)
 Metaspace       used 50270K, capacity 51890K, committed 51968K, reserved 1093632K
  class space    used 6706K, capacity 7145K, committed 7168K, reserved 1048576K
}
Event: 5.983 GC heap before
{Heap before GC invocations=10 (full 2):
 PSYoungGen      total 226816K, used 111035K [0x00000000e0000000, 0x00000000f6300000, 0x0000000100000000)
  eden space 211968K, 45% used [0x00000000e0000000,0x00000000e5df1c90,0x00000000ecf00000)
  from space 14848K, 99% used [0x00000000ecf00000,0x00000000edd7d128,0x00000000edd80000)
  to   space 20992K, 0% used [0x00000000f4e80000,0x00000000f4e80000,0x00000000f6300000)
 ParOldGen       total 141824K, used 25274K [0x00000000a0000000, 0x00000000a8a80000, 0x00000000e0000000)
  object space 141824K, 17% used [0x00000000a0000000,0x00000000a18ae8e8,0x00000000a8a80000)
 Metaspace       used 56948K, capacity 59014K, committed 59096K, reserved 1099776K
  class space    used 7741K, capacity 8247K, committed 8320K, reserved 1048576K
Event: 5.997 GC heap after
Heap after GC invocations=10 (full 2):
 PSYoungGen      total 338432K, used 20987K [0x00000000e0000000, 0x00000000f6700000, 0x0000000100000000)
  eden space 317440K, 0% used [0x00000000e0000000,0x00000000e0000000,0x00000000f3600000)
  from space 20992K, 99% used [0x00000000f4e80000,0x00000000f62fed90,0x00000000f6300000)
  to   space 25088K, 0% used [0x00000000f3600000,0x00000000f3600000,0x00000000f4e80000)
 ParOldGen       total 141824K, used 27332K [0x00000000a0000000, 0x00000000a8a80000, 0x00000000e0000000)
  object space 141824K, 19% used [0x00000000a0000000,0x00000000a1ab1168,0x00000000a8a80000)
 Metaspace       used 56948K, capacity 59014K, committed 59096K, reserved 1099776K
  class space    used 7741K, capacity 8247K, committed 8320K, reserved 1048576K
}
Event: 5.997 GC heap before
{Heap before GC invocations=11 (full 3):
 PSYoungGen      total 338432K, used 20987K [0x00000000e0000000, 0x00000000f6700000, 0x0000000100000000)
  eden space 317440K, 0% used [0x00000000e0000000,0x00000000e0000000,0x00000000f3600000)
  from space 20992K, 99% used [0x00000000f4e80000,0x00000000f62fed90,0x00000000f6300000)
  to   space 25088K, 0% used [0x00000000f3600000,0x00000000f3600000,0x00000000f4e80000)
 ParOldGen       total 141824K, used 27332K [0x00000000a0000000, 0x00000000a8a80000, 0x00000000e0000000)
  object space 141824K, 19% used [0x00000000a0000000,0x00000000a1ab1168,0x00000000a8a80000)
 Metaspace       used 56948K, capacity 59014K, committed 59096K, reserved 1099776K
  class space    used 7741K, capacity 8247K, committed 8320K, reserved 1048576K
Event: 6.144 GC heap after
Heap after GC invocations=11 (full 3):
 PSYoungGen      total 338432K, used 0K [0x00000000e0000000, 0x00000000f6700000, 0x0000000100000000)
  eden space 317440K, 0% used [0x00000000e0000000,0x00000000e0000000,0x00000000f3600000)
  from space 20992K, 0% used [0x00000000f4e80000,0x00000000f4e80000,0x00000000f6300000)
  to   space 25088K, 0% used [0x00000000f3600000,0x00000000f3600000,0x00000000f4e80000)
 ParOldGen       total 208896K, used 36076K [0x00000000a0000000, 0x00000000acc00000, 0x00000000e0000000)
  object space 208896K, 17% used [0x00000000a0000000,0x00000000a233b128,0x00000000acc00000)
 Metaspace       used 56937K, capacity 58978K, committed 59096K, reserved 1099776K
  class space    used 7738K, capacity 8241K, committed 8320K, reserved 1048576K
}

