# JRE version: OpenJDK Runtime Environment (8.0_242) (build 1.8.0_242-release-1644-b3-6222593)
# Java VM: OpenJDK 64-Bit Server VM (25.242-b3-6222593 mixed mode linux-amd64 compressed oops)
Heap:
 PSYoungGen      total 605696K, used 469682K [0x00000000d5580000, 0x0000000100000000, 0x0000000100000000)
  eden space 528896K, 75% used [0x00000000d5580000,0x00000000edd73f58,0x00000000f5a00000)
  from space 76800K, 88% used [0x00000000fb180000,0x00000000ff438ba0,0x00000000ffc80000)
  to   space 84992K, 0% used [0x00000000f5a00000,0x00000000f5a00000,0x00000000fad00000)
 ParOldGen       total 689664K, used 305158K [0x0000000080000000, 0x00000000aa180000, 0x00000000d5580000)
  object space 689664K, 44% used [0x0000000080000000,0x0000000092a01b80,0x00000000aa180000)
 Metaspace       used 129279K, capacity 135834K, committed 136832K, reserved 1167360K
  class space    used 16487K, capacity 17781K, committed 18048K, reserved 1048576K
GC Heap History (10 events):
Event: 892.697 GC heap before
{Heap before GC invocations=39 (full 4):
 PSYoungGen      total 602624K, used 556944K [0x00000000d5580000, 0x00000000ff800000, 0x0000000100000000)
  eden space 525824K, 100% used [0x00000000d5580000,0x00000000f5700000,0x00000000f5700000)
  from space 76800K, 40% used [0x00000000fad00000,0x00000000fcb642b0,0x00000000ff800000)
  to   space 82432K, 0% used [0x00000000f5700000,0x00000000f5700000,0x00000000fa780000)
 ParOldGen       total 501248K, used 433969K [0x0000000080000000, 0x000000009e980000, 0x00000000d5580000)
  object space 501248K, 86% used [0x0000000080000000,0x000000009a7cc798,0x000000009e980000)
 Metaspace       used 124597K, capacity 131640K, committed 131968K, reserved 1163264K
  class space    used 16072K, capacity 17410K, committed 17536K, reserved 1048576K
Event: 892.722 GC heap after
Heap after GC invocations=39 (full 4):
 PSYoungGen      total 608256K, used 24091K [0x00000000d5580000, 0x0000000100000000, 0x0000000100000000)
  eden space 525824K, 0% used [0x00000000d5580000,0x00000000d5580000,0x00000000f5700000)
  from space 82432K, 29% used [0x00000000f5700000,0x00000000f6e86c20,0x00000000fa780000)
  to   space 80896K, 0% used [0x00000000fb100000,0x00000000fb100000,0x0000000100000000)
 ParOldGen       total 501248K, used 451099K [0x0000000080000000, 0x000000009e980000, 0x00000000d5580000)
  object space 501248K, 89% used [0x0000000080000000,0x000000009b886d20,0x000000009e980000)
 Metaspace       used 124597K, capacity 131640K, committed 131968K, reserved 1163264K
  class space    used 16072K, capacity 17410K, committed 17536K, reserved 1048576K
}
Event: 893.280 GC heap before
{Heap before GC invocations=40 (full 4):
 PSYoungGen      total 608256K, used 549915K [0x00000000d5580000, 0x0000000100000000, 0x0000000100000000)
  eden space 525824K, 100% used [0x00000000d5580000,0x00000000f5700000,0x00000000f5700000)
  from space 82432K, 29% used [0x00000000f5700000,0x00000000f6e86c20,0x00000000fa780000)
  to   space 80896K, 0% used [0x00000000fb100000,0x00000000fb100000,0x0000000100000000)
 ParOldGen       total 501248K, used 451099K [0x0000000080000000, 0x000000009e980000, 0x00000000d5580000)
  object space 501248K, 89% used [0x0000000080000000,0x000000009b886d20,0x000000009e980000)
 Metaspace       used 125379K, capacity 132440K, committed 132736K, reserved 1165312K
  class space    used 16130K, capacity 17488K, committed 17536K, reserved 1048576K
Event: 893.300 GC heap after
Heap after GC invocations=40 (full 4):
 PSYoungGen      total 612864K, used 18214K [0x00000000d5580000, 0x00000000ffc80000, 0x0000000100000000)
  eden space 535552K, 0% used [0x00000000d5580000,0x00000000d5580000,0x00000000f6080000)
  from space 77312K, 23% used [0x00000000fb100000,0x00000000fc2c9910,0x00000000ffc80000)
  to   space 79872K, 0% used [0x00000000f6080000,0x00000000f6080000,0x00000000fae80000)
 ParOldGen       total 501248K, used 461621K [0x0000000080000000, 0x000000009e980000, 0x00000000d5580000)
  object space 501248K, 92% used [0x0000000080000000,0x000000009c2cd670,0x000000009e980000)
 Metaspace       used 125379K, capacity 132440K, committed 132736K, reserved 1165312K
  class space    used 16130K, capacity 17488K, committed 17536K, reserved 1048576K
}
Event: 893.300 GC heap before
{Heap before GC invocations=41 (full 5):
 PSYoungGen      total 612864K, used 18214K [0x00000000d5580000, 0x00000000ffc80000, 0x0000000100000000)
  eden space 535552K, 0% used [0x00000000d5580000,0x00000000d5580000,0x00000000f6080000)
  from space 77312K, 23% used [0x00000000fb100000,0x00000000fc2c9910,0x00000000ffc80000)
  to   space 79872K, 0% used [0x00000000f6080000,0x00000000f6080000,0x00000000fae80000)
 ParOldGen       total 501248K, used 461621K [0x0000000080000000, 0x000000009e980000, 0x00000000d5580000)
  object space 501248K, 92% used [0x0000000080000000,0x000000009c2cd670,0x000000009e980000)
 Metaspace       used 125379K, capacity 132440K, committed 132736K, reserved 1165312K
  class space    used 16130K, capacity 17488K, committed 17536K, reserved 1048576K
Event: 893.683 GC heap after
Heap after GC invocations=41 (full 5):
 PSYoungGen      total 612864K, used 0K [0x00000000d5580000, 0x00000000ffc80000, 0x0000000100000000)
  eden space 535552K, 0% used [0x00000000d5580000,0x00000000d5580000,0x00000000f6080000)
  from space 77312K, 0% used [0x00000000fb100000,0x00000000fb100000,0x00000000ffc80000)
  to   space 79872K, 0% used [0x00000000f6080000,0x00000000f6080000,0x00000000fae80000)
 ParOldGen       total 689664K, used 286049K [0x0000000080000000, 0x00000000aa180000, 0x00000000d5580000)
  object space 689664K, 41% used [0x0000000080000000,0x0000000091758548,0x00000000aa180000)
 Metaspace       used 125044K, capacity 131584K, committed 132736K, reserved 1165312K
  class space    used 16012K, capacity 17282K, committed 17536K, reserved 1048576K
}
Event: 894.221 GC heap before
{Heap before GC invocations=42 (full 5):
 PSYoungGen      total 612864K, used 535552K [0x00000000d5580000, 0x00000000ffc80000, 0x0000000100000000)
  eden space 535552K, 100% used [0x00000000d5580000,0x00000000f6080000,0x00000000f6080000)
  from space 77312K, 0% used [0x00000000fb100000,0x00000000fb100000,0x00000000ffc80000)
  to   space 79872K, 0% used [0x00000000f6080000,0x00000000f6080000,0x00000000fae80000)
 ParOldGen       total 689664K, used 286049K [0x0000000080000000, 0x00000000aa180000, 0x00000000d5580000)
  object space 689664K, 41% used [0x0000000080000000,0x0000000091758548,0x00000000aa180000)
 Metaspace       used 126901K, capacity 133438K, committed 134528K, reserved 1165312K
  class space    used 16194K, capacity 17477K, committed 17792K, reserved 1048576K
Event: 894.248 GC heap after
Heap after GC invocations=42 (full 5):
 PSYoungGen      total 615424K, used 29403K [0x00000000d5580000, 0x00000000ffc80000, 0x0000000100000000)
  eden space 535552K, 0% used [0x00000000d5580000,0x00000000d5580000,0x00000000f6080000)
  from space 79872K, 36% used [0x00000000f6080000,0x00000000f7d36e90,0x00000000fae80000)
  to   space 76800K, 0% used [0x00000000fb180000,0x00000000fb180000,0x00000000ffc80000)
 ParOldGen       total 689664K, used 286057K [0x0000000080000000, 0x00000000aa180000, 0x00000000d5580000)
  object space 689664K, 41% used [0x0000000080000000,0x000000009175a548,0x00000000aa180000)
 Metaspace       used 126901K, capacity 133438K, committed 134528K, reserved 1165312K
  class space    used 16194K, capacity 17477K, committed 17792K, reserved 1048576K
}
Event: 894.792 GC heap before
{Heap before GC invocations=43 (full 5):
 PSYoungGen      total 615424K, used 564955K [0x00000000d5580000, 0x00000000ffc80000, 0x0000000100000000)
  eden space 535552K, 100% used [0x00000000d5580000,0x00000000f6080000,0x00000000f6080000)
  from space 79872K, 36% used [0x00000000f6080000,0x00000000f7d36e90,0x00000000fae80000)
  to   space 76800K, 0% used [0x00000000fb180000,0x00000000fb180000,0x00000000ffc80000)
 ParOldGen       total 689664K, used 286057K [0x0000000080000000, 0x00000000aa180000, 0x00000000d5580000)
  object space 689664K, 41% used [0x0000000080000000,0x000000009175a548,0x00000000aa180000)
 Metaspace       used 127699K, capacity 134188K, committed 135296K, reserved 1167360K
  class space    used 16267K, capacity 17546K, committed 17792K, reserved 1048576K
Event: 894.838 GC heap after
Heap after GC invocations=43 (full 5):
 PSYoungGen      total 605696K, used 68322K [0x00000000d5580000, 0x0000000100000000, 0x0000000100000000)
  eden space 528896K, 0% used [0x00000000d5580000,0x00000000d5580000,0x00000000f5a00000)
  from space 76800K, 88% used [0x00000000fb180000,0x00000000ff438ba0,0x00000000ffc80000)
  to   space 84992K, 0% used [0x00000000f5a00000,0x00000000f5a00000,0x00000000fad00000)
 ParOldGen       total 689664K, used 305158K [0x0000000080000000, 0x00000000aa180000, 0x00000000d5580000)
  object space 689664K, 44% used [0x0000000080000000,0x0000000092a01b80,0x00000000aa180000)
 Metaspace       used 127699K, capacity 134188K, committed 135296K, reserved 1167360K
  class space    used 16267K, capacity 17546K, committed 17792K, reserved 1048576K
}

