# JRE version: OpenJDK Runtime Environment (8.0_212) (build 1.8.0_212-release-1586-b4-5784211)
# Java VM: OpenJDK 64-Bit Server VM (25.212-b4-5784211 mixed mode linux-amd64 compressed oops)
Heap:
 PSYoungGen      total 197120K, used 37702K [0x00000000e0000000, 0x00000000f1100000, 0x0000000100000000)
  eden space 186368K, 14% used [0x00000000e0000000,0x00000000e1a52bd0,0x00000000eb600000)
  from space 10752K, 99% used [0x00000000f0680000,0x00000000f10fee08,0x00000000f1100000)
  to   space 10752K, 0% used [0x00000000efc00000,0x00000000efc00000,0x00000000f0680000)
 ParOldGen       total 114688K, used 15017K [0x00000000a0000000, 0x00000000a7000000, 0x00000000e0000000)
  object space 114688K, 13% used [0x00000000a0000000,0x00000000a0eaa600,0x00000000a7000000)
 Metaspace       used 33553K, capacity 34380K, committed 34560K, reserved 1079296K
  class space    used 4603K, capacity 4833K, committed 4864K, reserved 1048576K
GC Heap History (10 events):
Event: 0.440 GC heap before
{Heap before GC invocations=1 (full 0):
 PSYoungGen      total 75264K, used 64512K [0x00000000e0000000, 0x00000000e5400000, 0x0000000100000000)
  eden space 64512K, 100% used [0x00000000e0000000,0x00000000e3f00000,0x00000000e3f00000)
  from space 10752K, 0% used [0x00000000e4980000,0x00000000e4980000,0x00000000e5400000)
  to   space 10752K, 0% used [0x00000000e3f00000,0x00000000e3f00000,0x00000000e4980000)
 ParOldGen       total 172032K, used 0K [0x00000000a0000000, 0x00000000aa800000, 0x00000000e0000000)
  object space 172032K, 0% used [0x00000000a0000000,0x00000000a0000000,0x00000000aa800000)
 Metaspace       used 7124K, capacity 7338K, committed 7424K, reserved 1056768K
  class space    used 913K, capacity 981K, committed 1024K, reserved 1048576K
Event: 0.446 GC heap after
Heap after GC invocations=1 (full 0):
 PSYoungGen      total 75264K, used 6242K [0x00000000e0000000, 0x00000000e9300000, 0x0000000100000000)
  eden space 64512K, 0% used [0x00000000e0000000,0x00000000e0000000,0x00000000e3f00000)
  from space 10752K, 58% used [0x00000000e3f00000,0x00000000e45188c0,0x00000000e4980000)
  to   space 10752K, 0% used [0x00000000e8880000,0x00000000e8880000,0x00000000e9300000)
 ParOldGen       total 172032K, used 16K [0x00000000a0000000, 0x00000000aa800000, 0x00000000e0000000)
  object space 172032K, 0% used [0x00000000a0000000,0x00000000a0004000,0x00000000aa800000)
 Metaspace       used 7124K, capacity 7338K, committed 7424K, reserved 1056768K
  class space    used 913K, capacity 981K, committed 1024K, reserved 1048576K
}
Event: 0.876 GC heap before
{Heap before GC invocations=2 (full 0):
 PSYoungGen      total 75264K, used 70754K [0x00000000e0000000, 0x00000000e9300000, 0x0000000100000000)
  eden space 64512K, 100% used [0x00000000e0000000,0x00000000e3f00000,0x00000000e3f00000)
  from space 10752K, 58% used [0x00000000e3f00000,0x00000000e45188c0,0x00000000e4980000)
  to   space 10752K, 0% used [0x00000000e8880000,0x00000000e8880000,0x00000000e9300000)
 ParOldGen       total 172032K, used 16K [0x00000000a0000000, 0x00000000aa800000, 0x00000000e0000000)
  object space 172032K, 0% used [0x00000000a0000000,0x00000000a0004000,0x00000000aa800000)
 Metaspace       used 14625K, capacity 14916K, committed 14976K, reserved 1062912K
  class space    used 2052K, capacity 2172K, committed 2176K, reserved 1048576K
Event: 0.884 GC heap after
Heap after GC invocations=2 (full 0):
 PSYoungGen      total 139776K, used 9928K [0x00000000e0000000, 0x00000000e9300000, 0x0000000100000000)
  eden space 129024K, 0% used [0x00000000e0000000,0x00000000e0000000,0x00000000e7e00000)
  from space 10752K, 92% used [0x00000000e8880000,0x00000000e9232180,0x00000000e9300000)
  to   space 10752K, 0% used [0x00000000e7e00000,0x00000000e7e00000,0x00000000e8880000)
 ParOldGen       total 172032K, used 24K [0x00000000a0000000, 0x00000000aa800000, 0x00000000e0000000)
  object space 172032K, 0% used [0x00000000a0000000,0x00000000a0006000,0x00000000aa800000)
 Metaspace       used 14625K, capacity 14916K, committed 14976K, reserved 1062912K
  class space    used 2052K, capacity 2172K, committed 2176K, reserved 1048576K
}
Event: 1.342 GC heap before
{Heap before GC invocations=3 (full 0):
 PSYoungGen      total 139776K, used 88074K [0x00000000e0000000, 0x00000000e9300000, 0x0000000100000000)
  eden space 129024K, 60% used [0x00000000e0000000,0x00000000e4c50680,0x00000000e7e00000)
  from space 10752K, 92% used [0x00000000e8880000,0x00000000e9232180,0x00000000e9300000)
  to   space 10752K, 0% used [0x00000000e7e00000,0x00000000e7e00000,0x00000000e8880000)
 ParOldGen       total 172032K, used 24K [0x00000000a0000000, 0x00000000aa800000, 0x00000000e0000000)
  object space 172032K, 0% used [0x00000000a0000000,0x00000000a0006000,0x00000000aa800000)
 Metaspace       used 20629K, capacity 21186K, committed 21296K, reserved 1067008K
  class space    used 2997K, capacity 3173K, committed 3200K, reserved 1048576K
Event: 1.350 GC heap after
Heap after GC invocations=3 (full 0):
 PSYoungGen      total 139776K, used 10727K [0x00000000e0000000, 0x00000000f1100000, 0x0000000100000000)
  eden space 129024K, 0% used [0x00000000e0000000,0x00000000e0000000,0x00000000e7e00000)
  from space 10752K, 99% used [0x00000000e7e00000,0x00000000e8879cc8,0x00000000e8880000)
  to   space 10752K, 0% used [0x00000000f0680000,0x00000000f0680000,0x00000000f1100000)
 ParOldGen       total 172032K, used 2016K [0x00000000a0000000, 0x00000000aa800000, 0x00000000e0000000)
  object space 172032K, 1% used [0x00000000a0000000,0x00000000a01f8220,0x00000000aa800000)
 Metaspace       used 20629K, capacity 21186K, committed 21296K, reserved 1067008K
  class space    used 2997K, capacity 3173K, committed 3200K, reserved 1048576K
}
Event: 1.350 GC heap before
{Heap before GC invocations=4 (full 1):
 PSYoungGen      total 139776K, used 10727K [0x00000000e0000000, 0x00000000f1100000, 0x0000000100000000)
  eden space 129024K, 0% used [0x00000000e0000000,0x00000000e0000000,0x00000000e7e00000)
  from space 10752K, 99% used [0x00000000e7e00000,0x00000000e8879cc8,0x00000000e8880000)
  to   space 10752K, 0% used [0x00000000f0680000,0x00000000f0680000,0x00000000f1100000)
 ParOldGen       total 172032K, used 2016K [0x00000000a0000000, 0x00000000aa800000, 0x00000000e0000000)
  object space 172032K, 1% used [0x00000000a0000000,0x00000000a01f8220,0x00000000aa800000)
 Metaspace       used 20629K, capacity 21186K, committed 21296K, reserved 1067008K
  class space    used 2997K, capacity 3173K, committed 3200K, reserved 1048576K
Event: 1.376 GC heap after
Heap after GC invocations=4 (full 1):
 PSYoungGen      total 139776K, used 0K [0x00000000e0000000, 0x00000000f1100000, 0x0000000100000000)
  eden space 129024K, 0% used [0x00000000e0000000,0x00000000e0000000,0x00000000e7e00000)
  from space 10752K, 0% used [0x00000000e7e00000,0x00000000e7e00000,0x00000000e8880000)
  to   space 10752K, 0% used [0x00000000f0680000,0x00000000f0680000,0x00000000f1100000)
 ParOldGen       total 114688K, used 12285K [0x00000000a0000000, 0x00000000a7000000, 0x00000000e0000000)
  object space 114688K, 10% used [0x00000000a0000000,0x00000000a0bff6c8,0x00000000a7000000)
 Metaspace       used 20629K, capacity 21186K, committed 21296K, reserved 1067008K
  class space    used 2997K, capacity 3173K, committed 3200K, reserved 1048576K
}
Event: 2.159 GC heap before
{Heap before GC invocations=5 (full 1):
 PSYoungGen      total 139776K, used 129024K [0x00000000e0000000, 0x00000000f1100000, 0x0000000100000000)
  eden space 129024K, 100% used [0x00000000e0000000,0x00000000e7e00000,0x00000000e7e00000)
  from space 10752K, 0% used [0x00000000e7e00000,0x00000000e7e00000,0x00000000e8880000)
  to   space 10752K, 0% used [0x00000000f0680000,0x00000000f0680000,0x00000000f1100000)
 ParOldGen       total 114688K, used 12285K [0x00000000a0000000, 0x00000000a7000000, 0x00000000e0000000)
  object space 114688K, 10% used [0x00000000a0000000,0x00000000a0bff6c8,0x00000000a7000000)
 Metaspace       used 32374K, capacity 33230K, committed 33408K, reserved 1077248K
  class space    used 4429K, capacity 4664K, committed 4736K, reserved 1048576K
Event: 2.170 GC heap after
Heap after GC invocations=5 (full 1):
 PSYoungGen      total 197120K, used 10747K [0x00000000e0000000, 0x00000000f1100000, 0x0000000100000000)
  eden space 186368K, 0% used [0x00000000e0000000,0x00000000e0000000,0x00000000eb600000)
  from space 10752K, 99% used [0x00000000f0680000,0x00000000f10fee08,0x00000000f1100000)
  to   space 10752K, 0% used [0x00000000efc00000,0x00000000efc00000,0x00000000f0680000)
 ParOldGen       total 114688K, used 15017K [0x00000000a0000000, 0x00000000a7000000, 0x00000000e0000000)
  object space 114688K, 13% used [0x00000000a0000000,0x00000000a0eaa600,0x00000000a7000000)
 Metaspace       used 32374K, capacity 33230K, committed 33408K, reserved 1077248K
  class space    used 4429K, capacity 4664K, committed 4736K, reserved 1048576K
}

